0 info it worked if it ends with ok
1 verbose cli [ 'C:\\Users\\caizx\\AppData\\Roaming\\npm\\node.exe',
1 verbose cli   'C:\\Users\\caizx\\AppData\\Roaming\\npm\\node_modules\\npm\\bin\\npm-cli.js',
1 verbose cli   'run',
1 verbose cli   'pub' ]
2 info using npm@4.0.2
3 info using node@v6.7.0
4 verbose run-script [ 'prepub', 'pub', 'postpub' ]
5 info lifecycle saas-plat-erp-base-department@1.0.0~prepub: saas-plat-erp-base-department@1.0.0
6 silly lifecycle saas-plat-erp-base-department@1.0.0~prepub: no script for prepub, continuing
7 info lifecycle saas-plat-erp-base-department@1.0.0~pub: saas-plat-erp-base-department@1.0.0
8 verbose lifecycle saas-plat-erp-base-department@1.0.0~pub: unsafe-perm in lifecycle true
9 verbose lifecycle saas-plat-erp-base-department@1.0.0~pub: PATH: C:\Users\caizx\AppData\Roaming\npm\node_modules\npm\bin\node-gyp-bin;D:\1\saas-plat-erp\base\department\node_modules\.bin;D:\Python27\;D:\Python27\Scripts;C:\Windows\System32;d:\Program Files (x86)\OpenSSH\bin;C:\Users\caizx\AppData\Roaming\npm;C:\Program Files\Git\cmd;D:\Program Files\Java\jdk1.8.0_73/bin;D:\Android\sdk\platform-tools;%USERPROFILE%\.dnx\bin;C:\Program Files\Microsoft DNX\Dnvm\;C:\Program Files\Microsoft SQL Server\130\Tools\Binn\;C:\Program Files\TortoiseSVN\bin;C:\Users\caizx\AppData\Local\atom\bin;C:\Users\caizx\AppData\Roaming\npm;%LOCALAPPDATA%\atom\bin
10 verbose lifecycle saas-plat-erp-base-department@1.0.0~pub: CWD: D:\1\saas-plat-erp\base\department
11 silly lifecycle saas-plat-erp-base-department@1.0.0~pub: Args: [ '/d /s /c',
11 silly lifecycle   'npm publish --registry https://registry.npmjs.org/' ]
12 silly lifecycle saas-plat-erp-base-department@1.0.0~pub: Returned: code: 1  signal: null
13 info lifecycle saas-plat-erp-base-department@1.0.0~pub: Failed to exec pub script
14 verbose stack Error: saas-plat-erp-base-department@1.0.0 pub: `npm publish --registry https://registry.npmjs.org/`
14 verbose stack Exit status 1
14 verbose stack     at EventEmitter.<anonymous> (C:\Users\caizx\AppData\Roaming\npm\node_modules\npm\lib\utils\lifecycle.js:279:16)
14 verbose stack     at emitTwo (events.js:106:13)
14 verbose stack     at EventEmitter.emit (events.js:191:7)
14 verbose stack     at ChildProcess.<anonymous> (C:\Users\caizx\AppData\Roaming\npm\node_modules\npm\lib\utils\spawn.js:40:14)
14 verbose stack     at emitTwo (events.js:106:13)
14 verbose stack     at ChildProcess.emit (events.js:191:7)
14 verbose stack     at maybeClose (internal/child_process.js:877:16)
14 verbose stack     at Process.ChildProcess._handle.onexit (internal/child_process.js:226:5)
15 verbose pkgid saas-plat-erp-base-department@1.0.0
16 verbose cwd D:\1\saas-plat-erp\base\department
17 error Windows_NT 6.1.7601
18 error argv "C:\\Users\\caizx\\AppData\\Roaming\\npm\\node.exe" "C:\\Users\\caizx\\AppData\\Roaming\\npm\\node_modules\\npm\\bin\\npm-cli.js" "run" "pub"
19 error node v6.7.0
20 error npm  v4.0.2
21 error code ELIFECYCLE
22 error saas-plat-erp-base-department@1.0.0 pub: `npm publish --registry https://registry.npmjs.org/`
22 error Exit status 1
23 error Failed at the saas-plat-erp-base-department@1.0.0 pub script 'npm publish --registry https://registry.npmjs.org/'.
23 error Make sure you have the latest version of node.js and npm installed.
23 error If you do, this is most likely a problem with the saas-plat-erp-base-department package,
23 error not with npm itself.
23 error Tell the author that this fails on your system:
23 error     npm publish --registry https://registry.npmjs.org/
23 error You can get information on how to open an issue for this project with:
23 error     npm bugs saas-plat-erp-base-department
23 error Or if that isn't available, you can get their info via:
23 error     npm owner ls saas-plat-erp-base-department
23 error There is likely additional logging output above.
24 verbose exit [ 1, true ]
